<?xml version="1.0" encoding="UTF-8"?>
<!-- Generated by org.testng.reporters.JUnitReportReporter -->
<testsuite skipped="0" hostname="LAPTOP-MB62TP2B" name="com.scripts.LoginGmail" tests="1" failures="0" timestamp="2020-08-24T22:12:12 IST" time="27.581" errors="0">
  <testcase name="loginSearchContent" time="27.581" classname="com.scripts.LoginGmail"/>
  <system-out/>
</testsuite> <!-- com.scripts.LoginGmail -->
