<?xml version="1.0" encoding="UTF-8"?>
<!-- Generated by org.testng.reporters.JUnitReportReporter -->
<testsuite skipped="0" hostname="LAPTOP-MB62TP2B" name="com.scripts.WriteContent" tests="1" failures="0" timestamp="2020-08-24T22:12:12 IST" time="1.756" errors="0">
  <testcase name="createExcel" time="1.756" classname="com.scripts.WriteContent"/>
  <system-out/>
</testsuite> <!-- com.scripts.WriteContent -->
